<?xml version="1.0" encoding="UTF-8"?>
<testsuite name="QuantityMeasurementTest" tests="1" skipped="0" failures="0" errors="0" timestamp="2020-07-13T21:18:49" hostname="DESKTOP-9DCLVAF" time="0.002">
  <properties/>
  <testcase name="given1InchAnd1Yard_IfNotEqualsReturnFalse" classname="QuantityMeasurementTest" time="0.002"/>
  <system-out><![CDATA[]]></system-out>
  <system-err><![CDATA[]]></system-err>
</testsuite>
